   0  $accept : Program $end

   1  Program : ClassList

   2  ClassList : ClassList ClassDef
   3            | ClassDef

   4  VariableDef : Variable ';'

   5  Variable : Type IDENTIFIER

   6  Type : INT
   7       | VOID
   8       | BOOL
   9       | STRING
  10       | CLASS IDENTIFIER
  11       | Type '[' ']'

  12  ClassDef : CLASS IDENTIFIER ExtendsClause '{' FieldList '}'

  13  ExtendsClause : EXTENDS IDENTIFIER
  14                |

  15  FieldList : FieldList VariableDef
  16            | FieldList FunctionDef
  17            |

  18  Formals : VariableList
  19          |

  20  VariableList : VariableList ',' Variable
  21               | Variable

  22  FunctionDef : STATIC Type IDENTIFIER '(' Formals ')' StmtBlock
  23              | Type IDENTIFIER '(' Formals ')' StmtBlock

  24  StmtBlock : '{' StmtList '}'

  25  StmtList : StmtList Stmt
  26           |

  27  Stmt : VariableDef
  28       | SimpleStmt ';'
  29       | IfStmt
  30       | WhileStmt
  31       | ForStmt
  32       | ReturnStmt ';'
  33       | PrintStmt ';'
  34       | BreakStmt ';'
  35       | StmtBlock

  36  SimpleStmt : LValue '=' Expr
  37             | Call
  38             |

  39  Receiver : Expr '.'
  40           |

  41  LValue : Receiver IDENTIFIER
  42         | Expr '[' Expr ']'

  43  Call : Receiver IDENTIFIER '(' Actuals ')'

  44  Expr : LValue
  45       | Call
  46       | Constant
  47       | Expr '+' Expr
  48       | Expr '-' Expr
  49       | Expr '*' Expr
  50       | Expr '/' Expr
  51       | Expr '%' Expr
  52       | Expr EQUAL Expr
  53       | Expr NOT_EQUAL Expr
  54       | Expr '<' Expr
  55       | Expr '>' Expr
  56       | Expr LESS_EQUAL Expr
  57       | Expr GREATER_EQUAL Expr
  58       | Expr AND Expr
  59       | Expr OR Expr
  60       | '(' Expr ')'
  61       | '-' Expr
  62       | '!' Expr
  63       | INC Expr
  64       | Expr INC
  65       | DEC Expr
  66       | Expr DEC
  67       | Expr '?' Expr ':' Expr
  68       | READ_INTEGER '(' ')'
  69       | READ_LINE '(' ')'
  70       | THIS
  71       | NEW IDENTIFIER '(' ')'
  72       | NEW Type '[' Expr ']'
  73       | INSTANCEOF '(' Expr ',' IDENTIFIER ')'
  74       | '(' CLASS IDENTIFIER ')' Expr
  75       | NUMINSTANCES '(' IDENTIFIER ')'

  76  Constant : LITERAL
  77           | NULL

  78  Actuals : ExprList
  79          |

  80  ExprList : ExprList ',' Expr
  81           | Expr

  82  WhileStmt : WHILE '(' Expr ')' Stmt

  83  ForStmt : FOR '(' SimpleStmt ';' Expr ';' SimpleStmt ')' Stmt

  84  BreakStmt : BREAK

  85  IfStmt : IF '(' Expr ')' Stmt ElseClause

  86  ElseClause : ELSE Stmt
  87             |

  88  ReturnStmt : RETURN Expr
  89             | RETURN

  90  PrintStmt : PRINT '(' ExprList ')'

state 0
	$accept : . Program $end  (0)

	CLASS  shift 1
	.  error

	Program  goto 2
	ClassList  goto 3
	ClassDef  goto 4


state 1
	ClassDef : CLASS . IDENTIFIER ExtendsClause '{' FieldList '}'  (12)

	IDENTIFIER  shift 5
	.  error


state 2
	$accept : Program . $end  (0)

	$end  accept


state 3
	Program : ClassList .  (1)
	ClassList : ClassList . ClassDef  (2)

	CLASS  shift 1
	$end  reduce 1

	ClassDef  goto 6


state 4
	ClassList : ClassDef .  (3)

	.  reduce 3


state 5
	ClassDef : CLASS IDENTIFIER . ExtendsClause '{' FieldList '}'  (12)
	ExtendsClause : .  (14)

	EXTENDS  shift 7
	'{'  reduce 14

	ExtendsClause  goto 8


state 6
	ClassList : ClassList ClassDef .  (2)

	.  reduce 2


state 7
	ExtendsClause : EXTENDS . IDENTIFIER  (13)

	IDENTIFIER  shift 9
	.  error


state 8
	ClassDef : CLASS IDENTIFIER ExtendsClause . '{' FieldList '}'  (12)

	'{'  shift 10
	.  error


state 9
	ExtendsClause : EXTENDS IDENTIFIER .  (13)

	.  reduce 13


state 10
	ClassDef : CLASS IDENTIFIER ExtendsClause '{' . FieldList '}'  (12)
	FieldList : .  (17)

	.  reduce 17

	FieldList  goto 11


state 11
	ClassDef : CLASS IDENTIFIER ExtendsClause '{' FieldList . '}'  (12)
	FieldList : FieldList . VariableDef  (15)
	FieldList : FieldList . FunctionDef  (16)

	VOID  shift 12
	BOOL  shift 13
	INT  shift 14
	STRING  shift 15
	CLASS  shift 16
	STATIC  shift 17
	'}'  shift 18
	.  error

	VariableDef  goto 19
	Variable  goto 20
	Type  goto 21
	FunctionDef  goto 22


state 12
	Type : VOID .  (7)

	.  reduce 7


state 13
	Type : BOOL .  (8)

	.  reduce 8


state 14
	Type : INT .  (6)

	.  reduce 6


state 15
	Type : STRING .  (9)

	.  reduce 9


state 16
	Type : CLASS . IDENTIFIER  (10)

	IDENTIFIER  shift 23
	.  error


state 17
	FunctionDef : STATIC . Type IDENTIFIER '(' Formals ')' StmtBlock  (22)

	VOID  shift 12
	BOOL  shift 13
	INT  shift 14
	STRING  shift 15
	CLASS  shift 16
	.  error

	Type  goto 24


state 18
	ClassDef : CLASS IDENTIFIER ExtendsClause '{' FieldList '}' .  (12)

	.  reduce 12


state 19
	FieldList : FieldList VariableDef .  (15)

	.  reduce 15


state 20
	VariableDef : Variable . ';'  (4)

	';'  shift 25
	.  error


state 21
	Variable : Type . IDENTIFIER  (5)
	Type : Type . '[' ']'  (11)
	FunctionDef : Type . IDENTIFIER '(' Formals ')' StmtBlock  (23)

	IDENTIFIER  shift 26
	'['  shift 27
	.  error


state 22
	FieldList : FieldList FunctionDef .  (16)

	.  reduce 16


state 23
	Type : CLASS IDENTIFIER .  (10)

	.  reduce 10


state 24
	Type : Type . '[' ']'  (11)
	FunctionDef : STATIC Type . IDENTIFIER '(' Formals ')' StmtBlock  (22)

	IDENTIFIER  shift 28
	'['  shift 27
	.  error


state 25
	VariableDef : Variable ';' .  (4)

	.  reduce 4


state 26
	Variable : Type IDENTIFIER .  (5)
	FunctionDef : Type IDENTIFIER . '(' Formals ')' StmtBlock  (23)

	'('  shift 29
	';'  reduce 5


state 27
	Type : Type '[' . ']'  (11)

	']'  shift 30
	.  error


state 28
	FunctionDef : STATIC Type IDENTIFIER . '(' Formals ')' StmtBlock  (22)

	'('  shift 31
	.  error


state 29
	FunctionDef : Type IDENTIFIER '(' . Formals ')' StmtBlock  (23)
	Formals : .  (19)

	VOID  shift 12
	BOOL  shift 13
	INT  shift 14
	STRING  shift 15
	CLASS  shift 16
	')'  reduce 19

	Variable  goto 32
	Type  goto 33
	Formals  goto 34
	VariableList  goto 35


state 30
	Type : Type '[' ']' .  (11)

	.  reduce 11


state 31
	FunctionDef : STATIC Type IDENTIFIER '(' . Formals ')' StmtBlock  (22)
	Formals : .  (19)

	VOID  shift 12
	BOOL  shift 13
	INT  shift 14
	STRING  shift 15
	CLASS  shift 16
	')'  reduce 19

	Variable  goto 32
	Type  goto 33
	Formals  goto 36
	VariableList  goto 35


state 32
	VariableList : Variable .  (21)

	.  reduce 21


state 33
	Variable : Type . IDENTIFIER  (5)
	Type : Type . '[' ']'  (11)

	IDENTIFIER  shift 37
	'['  shift 27
	.  error


state 34
	FunctionDef : Type IDENTIFIER '(' Formals . ')' StmtBlock  (23)

	')'  shift 38
	.  error


state 35
	Formals : VariableList .  (18)
	VariableList : VariableList . ',' Variable  (20)

	','  shift 39
	')'  reduce 18


state 36
	FunctionDef : STATIC Type IDENTIFIER '(' Formals . ')' StmtBlock  (22)

	')'  shift 40
	.  error


state 37
	Variable : Type IDENTIFIER .  (5)

	.  reduce 5


state 38
	FunctionDef : Type IDENTIFIER '(' Formals ')' . StmtBlock  (23)

	'{'  shift 41
	.  error

	StmtBlock  goto 42


state 39
	VariableList : VariableList ',' . Variable  (20)

	VOID  shift 12
	BOOL  shift 13
	INT  shift 14
	STRING  shift 15
	CLASS  shift 16
	.  error

	Variable  goto 43
	Type  goto 33


state 40
	FunctionDef : STATIC Type IDENTIFIER '(' Formals ')' . StmtBlock  (22)

	'{'  shift 41
	.  error

	StmtBlock  goto 44


state 41
	StmtBlock : '{' . StmtList '}'  (24)
	StmtList : .  (26)

	.  reduce 26

	StmtList  goto 45


state 42
	FunctionDef : Type IDENTIFIER '(' Formals ')' StmtBlock .  (23)

	.  reduce 23


state 43
	VariableList : VariableList ',' Variable .  (20)

	.  reduce 20


state 44
	FunctionDef : STATIC Type IDENTIFIER '(' Formals ')' StmtBlock .  (22)

	.  reduce 22


state 45
	StmtBlock : '{' StmtList . '}'  (24)
	StmtList : StmtList . Stmt  (25)
	SimpleStmt : .  (38)
	Receiver : .  (40)

	VOID  shift 12
	BOOL  shift 13
	INT  shift 14
	STRING  shift 15
	CLASS  shift 16
	NULL  shift 46
	THIS  shift 47
	WHILE  shift 48
	FOR  shift 49
	IF  shift 50
	RETURN  shift 51
	BREAK  shift 52
	NEW  shift 53
	PRINT  shift 54
	READ_INTEGER  shift 55
	READ_LINE  shift 56
	LITERAL  shift 57
	INSTANCEOF  shift 58
	INC  shift 59
	DEC  shift 60
	NUMINSTANCES  shift 61
	'-'  shift 62
	'!'  shift 63
	'('  shift 64
	'{'  shift 41
	'}'  shift 65
	IDENTIFIER  reduce 40
	';'  reduce 38

	VariableDef  goto 66
	Variable  goto 20
	Type  goto 33
	StmtBlock  goto 67
	Stmt  goto 68
	SimpleStmt  goto 69
	IfStmt  goto 70
	WhileStmt  goto 71
	ForStmt  goto 72
	ReturnStmt  goto 73
	PrintStmt  goto 74
	BreakStmt  goto 75
	LValue  goto 76
	Expr  goto 77
	Call  goto 78
	Receiver  goto 79
	Constant  goto 80


state 46
	Constant : NULL .  (77)

	.  reduce 77


state 47
	Expr : THIS .  (70)

	.  reduce 70


state 48
	WhileStmt : WHILE . '(' Expr ')' Stmt  (82)

	'('  shift 81
	.  error


state 49
	ForStmt : FOR . '(' SimpleStmt ';' Expr ';' SimpleStmt ')' Stmt  (83)

	'('  shift 82
	.  error


state 50
	IfStmt : IF . '(' Expr ')' Stmt ElseClause  (85)

	'('  shift 83
	.  error


state 51
	ReturnStmt : RETURN . Expr  (88)
	ReturnStmt : RETURN .  (89)
	Receiver : .  (40)

	NULL  shift 46
	THIS  shift 47
	NEW  shift 53
	READ_INTEGER  shift 55
	READ_LINE  shift 56
	LITERAL  shift 57
	INSTANCEOF  shift 58
	INC  shift 59
	DEC  shift 60
	NUMINSTANCES  shift 61
	'-'  shift 62
	'!'  shift 63
	'('  shift 64
	IDENTIFIER  reduce 40
	';'  reduce 89

	LValue  goto 84
	Expr  goto 85
	Call  goto 86
	Receiver  goto 79
	Constant  goto 80


state 52
	BreakStmt : BREAK .  (84)

	.  reduce 84


state 53
	Expr : NEW . IDENTIFIER '(' ')'  (71)
	Expr : NEW . Type '[' Expr ']'  (72)

	VOID  shift 12
	BOOL  shift 13
	INT  shift 14
	STRING  shift 15
	CLASS  shift 16
	IDENTIFIER  shift 87
	.  error

	Type  goto 88


state 54
	PrintStmt : PRINT . '(' ExprList ')'  (90)

	'('  shift 89
	.  error


state 55
	Expr : READ_INTEGER . '(' ')'  (68)

	'('  shift 90
	.  error


state 56
	Expr : READ_LINE . '(' ')'  (69)

	'('  shift 91
	.  error


state 57
	Constant : LITERAL .  (76)

	.  reduce 76


state 58
	Expr : INSTANCEOF . '(' Expr ',' IDENTIFIER ')'  (73)

	'('  shift 92
	.  error


state 59
	Expr : INC . Expr  (63)
	Receiver : .  (40)

	NULL  shift 46
	THIS  shift 47
	NEW  shift 53
	READ_INTEGER  shift 55
	READ_LINE  shift 56
	LITERAL  shift 57
	INSTANCEOF  shift 58
	INC  shift 59
	DEC  shift 60
	NUMINSTANCES  shift 61
	'-'  shift 62
	'!'  shift 63
	'('  shift 64
	IDENTIFIER  reduce 40

	LValue  goto 84
	Expr  goto 93
	Call  goto 86
	Receiver  goto 79
	Constant  goto 80


state 60
	Expr : DEC . Expr  (65)
	Receiver : .  (40)

	NULL  shift 46
	THIS  shift 47
	NEW  shift 53
	READ_INTEGER  shift 55
	READ_LINE  shift 56
	LITERAL  shift 57
	INSTANCEOF  shift 58
	INC  shift 59
	DEC  shift 60
	NUMINSTANCES  shift 61
	'-'  shift 62
	'!'  shift 63
	'('  shift 64
	IDENTIFIER  reduce 40

	LValue  goto 84
	Expr  goto 94
	Call  goto 86
	Receiver  goto 79
	Constant  goto 80


state 61
	Expr : NUMINSTANCES . '(' IDENTIFIER ')'  (75)

	'('  shift 95
	.  error


state 62
	Expr : '-' . Expr  (61)
	Receiver : .  (40)

	NULL  shift 46
	THIS  shift 47
	NEW  shift 53
	READ_INTEGER  shift 55
	READ_LINE  shift 56
	LITERAL  shift 57
	INSTANCEOF  shift 58
	INC  shift 59
	DEC  shift 60
	NUMINSTANCES  shift 61
	'-'  shift 62
	'!'  shift 63
	'('  shift 64
	IDENTIFIER  reduce 40

	LValue  goto 84
	Expr  goto 96
	Call  goto 86
	Receiver  goto 79
	Constant  goto 80


state 63
	Expr : '!' . Expr  (62)
	Receiver : .  (40)

	NULL  shift 46
	THIS  shift 47
	NEW  shift 53
	READ_INTEGER  shift 55
	READ_LINE  shift 56
	LITERAL  shift 57
	INSTANCEOF  shift 58
	INC  shift 59
	DEC  shift 60
	NUMINSTANCES  shift 61
	'-'  shift 62
	'!'  shift 63
	'('  shift 64
	IDENTIFIER  reduce 40

	LValue  goto 84
	Expr  goto 97
	Call  goto 86
	Receiver  goto 79
	Constant  goto 80


state 64
	Expr : '(' . Expr ')'  (60)
	Expr : '(' . CLASS IDENTIFIER ')' Expr  (74)
	Receiver : .  (40)

	CLASS  shift 98
	NULL  shift 46
	THIS  shift 47
	NEW  shift 53
	READ_INTEGER  shift 55
	READ_LINE  shift 56
	LITERAL  shift 57
	INSTANCEOF  shift 58
	INC  shift 59
	DEC  shift 60
	NUMINSTANCES  shift 61
	'-'  shift 62
	'!'  shift 63
	'('  shift 64
	IDENTIFIER  reduce 40

	LValue  goto 84
	Expr  goto 99
	Call  goto 86
	Receiver  goto 79
	Constant  goto 80


state 65
	StmtBlock : '{' StmtList '}' .  (24)

	.  reduce 24


state 66
	Stmt : VariableDef .  (27)

	.  reduce 27


state 67
	Stmt : StmtBlock .  (35)

	.  reduce 35


state 68
	StmtList : StmtList Stmt .  (25)

	.  reduce 25


state 69
	Stmt : SimpleStmt . ';'  (28)

	';'  shift 100
	.  error


state 70
	Stmt : IfStmt .  (29)

	.  reduce 29


state 71
	Stmt : WhileStmt .  (30)

	.  reduce 30


state 72
	Stmt : ForStmt .  (31)

	.  reduce 31


state 73
	Stmt : ReturnStmt . ';'  (32)

	';'  shift 101
	.  error


state 74
	Stmt : PrintStmt . ';'  (33)

	';'  shift 102
	.  error


state 75
	Stmt : BreakStmt . ';'  (34)

	';'  shift 103
	.  error


state 76
	SimpleStmt : LValue . '=' Expr  (36)
	Expr : LValue .  (44)

	'='  shift 104
	AND  reduce 44
	OR  reduce 44
	LESS_EQUAL  reduce 44
	GREATER_EQUAL  reduce 44
	EQUAL  reduce 44
	NOT_EQUAL  reduce 44
	INC  reduce 44
	DEC  reduce 44
	'+'  reduce 44
	'-'  reduce 44
	'*'  reduce 44
	'/'  reduce 44
	'%'  reduce 44
	'>'  reduce 44
	'<'  reduce 44
	'.'  reduce 44
	'['  reduce 44
	'?'  reduce 44


state 77
	Receiver : Expr . '.'  (39)
	LValue : Expr . '[' Expr ']'  (42)
	Expr : Expr . '+' Expr  (47)
	Expr : Expr . '-' Expr  (48)
	Expr : Expr . '*' Expr  (49)
	Expr : Expr . '/' Expr  (50)
	Expr : Expr . '%' Expr  (51)
	Expr : Expr . EQUAL Expr  (52)
	Expr : Expr . NOT_EQUAL Expr  (53)
	Expr : Expr . '<' Expr  (54)
	Expr : Expr . '>' Expr  (55)
	Expr : Expr . LESS_EQUAL Expr  (56)
	Expr : Expr . GREATER_EQUAL Expr  (57)
	Expr : Expr . AND Expr  (58)
	Expr : Expr . OR Expr  (59)
	Expr : Expr . INC  (64)
	Expr : Expr . DEC  (66)
	Expr : Expr . '?' Expr ':' Expr  (67)

	AND  shift 105
	OR  shift 106
	LESS_EQUAL  shift 107
	GREATER_EQUAL  shift 108
	EQUAL  shift 109
	NOT_EQUAL  shift 110
	INC  shift 111
	DEC  shift 112
	'+'  shift 113
	'-'  shift 114
	'*'  shift 115
	'/'  shift 116
	'%'  shift 117
	'>'  shift 118
	'<'  shift 119
	'.'  shift 120
	'['  shift 121
	'?'  shift 122
	.  error


state 78
	SimpleStmt : Call .  (37)
	Expr : Call .  (45)

	AND  reduce 45
	OR  reduce 45
	LESS_EQUAL  reduce 45
	GREATER_EQUAL  reduce 45
	EQUAL  reduce 45
	NOT_EQUAL  reduce 45
	INC  reduce 45
	DEC  reduce 45
	'+'  reduce 45
	'-'  reduce 45
	'*'  reduce 45
	'/'  reduce 45
	'%'  reduce 45
	'>'  reduce 45
	'<'  reduce 45
	'.'  reduce 45
	';'  reduce 37
	')'  reduce 37
	'['  reduce 45
	'?'  reduce 45


state 79
	LValue : Receiver . IDENTIFIER  (41)
	Call : Receiver . IDENTIFIER '(' Actuals ')'  (43)

	IDENTIFIER  shift 123
	.  error


state 80
	Expr : Constant .  (46)

	.  reduce 46


state 81
	WhileStmt : WHILE '(' . Expr ')' Stmt  (82)
	Receiver : .  (40)

	NULL  shift 46
	THIS  shift 47
	NEW  shift 53
	READ_INTEGER  shift 55
	READ_LINE  shift 56
	LITERAL  shift 57
	INSTANCEOF  shift 58
	INC  shift 59
	DEC  shift 60
	NUMINSTANCES  shift 61
	'-'  shift 62
	'!'  shift 63
	'('  shift 64
	IDENTIFIER  reduce 40

	LValue  goto 84
	Expr  goto 124
	Call  goto 86
	Receiver  goto 79
	Constant  goto 80


state 82
	ForStmt : FOR '(' . SimpleStmt ';' Expr ';' SimpleStmt ')' Stmt  (83)
	SimpleStmt : .  (38)
	Receiver : .  (40)

	NULL  shift 46
	THIS  shift 47
	NEW  shift 53
	READ_INTEGER  shift 55
	READ_LINE  shift 56
	LITERAL  shift 57
	INSTANCEOF  shift 58
	INC  shift 59
	DEC  shift 60
	NUMINSTANCES  shift 61
	'-'  shift 62
	'!'  shift 63
	'('  shift 64
	IDENTIFIER  reduce 40
	';'  reduce 38

	SimpleStmt  goto 125
	LValue  goto 76
	Expr  goto 77
	Call  goto 78
	Receiver  goto 79
	Constant  goto 80


state 83
	IfStmt : IF '(' . Expr ')' Stmt ElseClause  (85)
	Receiver : .  (40)

	NULL  shift 46
	THIS  shift 47
	NEW  shift 53
	READ_INTEGER  shift 55
	READ_LINE  shift 56
	LITERAL  shift 57
	INSTANCEOF  shift 58
	INC  shift 59
	DEC  shift 60
	NUMINSTANCES  shift 61
	'-'  shift 62
	'!'  shift 63
	'('  shift 64
	IDENTIFIER  reduce 40

	LValue  goto 84
	Expr  goto 126
	Call  goto 86
	Receiver  goto 79
	Constant  goto 80


state 84
	Expr : LValue .  (44)

	.  reduce 44


state 85
	Receiver : Expr . '.'  (39)
	LValue : Expr . '[' Expr ']'  (42)
	Expr : Expr . '+' Expr  (47)
	Expr : Expr . '-' Expr  (48)
	Expr : Expr . '*' Expr  (49)
	Expr : Expr . '/' Expr  (50)
	Expr : Expr . '%' Expr  (51)
	Expr : Expr . EQUAL Expr  (52)
	Expr : Expr . NOT_EQUAL Expr  (53)
	Expr : Expr . '<' Expr  (54)
	Expr : Expr . '>' Expr  (55)
	Expr : Expr . LESS_EQUAL Expr  (56)
	Expr : Expr . GREATER_EQUAL Expr  (57)
	Expr : Expr . AND Expr  (58)
	Expr : Expr . OR Expr  (59)
	Expr : Expr . INC  (64)
	Expr : Expr . DEC  (66)
	Expr : Expr . '?' Expr ':' Expr  (67)
	ReturnStmt : RETURN Expr .  (88)

	AND  shift 105
	OR  shift 106
	LESS_EQUAL  shift 107
	GREATER_EQUAL  shift 108
	EQUAL  shift 109
	NOT_EQUAL  shift 110
	INC  shift 111
	DEC  shift 112
	'+'  shift 113
	'-'  shift 114
	'*'  shift 115
	'/'  shift 116
	'%'  shift 117
	'>'  shift 118
	'<'  shift 119
	'.'  shift 120
	'['  shift 121
	'?'  shift 122
	';'  reduce 88


state 86
	Expr : Call .  (45)

	.  reduce 45


state 87
	Expr : NEW IDENTIFIER . '(' ')'  (71)

	'('  shift 127
	.  error


state 88
	Type : Type . '[' ']'  (11)
	Expr : NEW Type . '[' Expr ']'  (72)

	'['  shift 128
	.  error


state 89
	PrintStmt : PRINT '(' . ExprList ')'  (90)
	Receiver : .  (40)

	NULL  shift 46
	THIS  shift 47
	NEW  shift 53
	READ_INTEGER  shift 55
	READ_LINE  shift 56
	LITERAL  shift 57
	INSTANCEOF  shift 58
	INC  shift 59
	DEC  shift 60
	NUMINSTANCES  shift 61
	'-'  shift 62
	'!'  shift 63
	'('  shift 64
	IDENTIFIER  reduce 40

	LValue  goto 84
	Expr  goto 129
	Call  goto 86
	Receiver  goto 79
	Constant  goto 80
	ExprList  goto 130


state 90
	Expr : READ_INTEGER '(' . ')'  (68)

	')'  shift 131
	.  error


state 91
	Expr : READ_LINE '(' . ')'  (69)

	')'  shift 132
	.  error


state 92
	Expr : INSTANCEOF '(' . Expr ',' IDENTIFIER ')'  (73)
	Receiver : .  (40)

	NULL  shift 46
	THIS  shift 47
	NEW  shift 53
	READ_INTEGER  shift 55
	READ_LINE  shift 56
	LITERAL  shift 57
	INSTANCEOF  shift 58
	INC  shift 59
	DEC  shift 60
	NUMINSTANCES  shift 61
	'-'  shift 62
	'!'  shift 63
	'('  shift 64
	IDENTIFIER  reduce 40

	LValue  goto 84
	Expr  goto 133
	Call  goto 86
	Receiver  goto 79
	Constant  goto 80


state 93
	Receiver : Expr . '.'  (39)
	LValue : Expr . '[' Expr ']'  (42)
	Expr : Expr . '+' Expr  (47)
	Expr : Expr . '-' Expr  (48)
	Expr : Expr . '*' Expr  (49)
	Expr : Expr . '/' Expr  (50)
	Expr : Expr . '%' Expr  (51)
	Expr : Expr . EQUAL Expr  (52)
	Expr : Expr . NOT_EQUAL Expr  (53)
	Expr : Expr . '<' Expr  (54)
	Expr : Expr . '>' Expr  (55)
	Expr : Expr . LESS_EQUAL Expr  (56)
	Expr : Expr . GREATER_EQUAL Expr  (57)
	Expr : Expr . AND Expr  (58)
	Expr : Expr . OR Expr  (59)
	Expr : INC Expr .  (63)
	Expr : Expr . INC  (64)
	Expr : Expr . DEC  (66)
	Expr : Expr . '?' Expr ':' Expr  (67)

	'.'  shift 120
	'['  shift 121
	AND  reduce 63
	OR  reduce 63
	LESS_EQUAL  reduce 63
	GREATER_EQUAL  reduce 63
	EQUAL  reduce 63
	NOT_EQUAL  reduce 63
	'+'  reduce 63
	'-'  reduce 63
	'*'  reduce 63
	'/'  reduce 63
	'%'  reduce 63
	'>'  reduce 63
	'<'  reduce 63
	','  reduce 63
	';'  reduce 63
	')'  reduce 63
	']'  reduce 63
	'?'  reduce 63
	':'  reduce 63


state 94
	Receiver : Expr . '.'  (39)
	LValue : Expr . '[' Expr ']'  (42)
	Expr : Expr . '+' Expr  (47)
	Expr : Expr . '-' Expr  (48)
	Expr : Expr . '*' Expr  (49)
	Expr : Expr . '/' Expr  (50)
	Expr : Expr . '%' Expr  (51)
	Expr : Expr . EQUAL Expr  (52)
	Expr : Expr . NOT_EQUAL Expr  (53)
	Expr : Expr . '<' Expr  (54)
	Expr : Expr . '>' Expr  (55)
	Expr : Expr . LESS_EQUAL Expr  (56)
	Expr : Expr . GREATER_EQUAL Expr  (57)
	Expr : Expr . AND Expr  (58)
	Expr : Expr . OR Expr  (59)
	Expr : Expr . INC  (64)
	Expr : DEC Expr .  (65)
	Expr : Expr . DEC  (66)
	Expr : Expr . '?' Expr ':' Expr  (67)

	'.'  shift 120
	'['  shift 121
	AND  reduce 65
	OR  reduce 65
	LESS_EQUAL  reduce 65
	GREATER_EQUAL  reduce 65
	EQUAL  reduce 65
	NOT_EQUAL  reduce 65
	'+'  reduce 65
	'-'  reduce 65
	'*'  reduce 65
	'/'  reduce 65
	'%'  reduce 65
	'>'  reduce 65
	'<'  reduce 65
	','  reduce 65
	';'  reduce 65
	')'  reduce 65
	']'  reduce 65
	'?'  reduce 65
	':'  reduce 65


state 95
	Expr : NUMINSTANCES '(' . IDENTIFIER ')'  (75)

	IDENTIFIER  shift 134
	.  error


state 96
	Receiver : Expr . '.'  (39)
	LValue : Expr . '[' Expr ']'  (42)
	Expr : Expr . '+' Expr  (47)
	Expr : Expr . '-' Expr  (48)
	Expr : Expr . '*' Expr  (49)
	Expr : Expr . '/' Expr  (50)
	Expr : Expr . '%' Expr  (51)
	Expr : Expr . EQUAL Expr  (52)
	Expr : Expr . NOT_EQUAL Expr  (53)
	Expr : Expr . '<' Expr  (54)
	Expr : Expr . '>' Expr  (55)
	Expr : Expr . LESS_EQUAL Expr  (56)
	Expr : Expr . GREATER_EQUAL Expr  (57)
	Expr : Expr . AND Expr  (58)
	Expr : Expr . OR Expr  (59)
	Expr : '-' Expr .  (61)
	Expr : Expr . INC  (64)
	Expr : Expr . DEC  (66)
	Expr : Expr . '?' Expr ':' Expr  (67)

	INC  shift 111
	DEC  shift 112
	'.'  shift 120
	'['  shift 121
	AND  reduce 61
	OR  reduce 61
	LESS_EQUAL  reduce 61
	GREATER_EQUAL  reduce 61
	EQUAL  reduce 61
	NOT_EQUAL  reduce 61
	'+'  reduce 61
	'-'  reduce 61
	'*'  reduce 61
	'/'  reduce 61
	'%'  reduce 61
	'>'  reduce 61
	'<'  reduce 61
	','  reduce 61
	';'  reduce 61
	')'  reduce 61
	']'  reduce 61
	'?'  reduce 61
	':'  reduce 61


state 97
	Receiver : Expr . '.'  (39)
	LValue : Expr . '[' Expr ']'  (42)
	Expr : Expr . '+' Expr  (47)
	Expr : Expr . '-' Expr  (48)
	Expr : Expr . '*' Expr  (49)
	Expr : Expr . '/' Expr  (50)
	Expr : Expr . '%' Expr  (51)
	Expr : Expr . EQUAL Expr  (52)
	Expr : Expr . NOT_EQUAL Expr  (53)
	Expr : Expr . '<' Expr  (54)
	Expr : Expr . '>' Expr  (55)
	Expr : Expr . LESS_EQUAL Expr  (56)
	Expr : Expr . GREATER_EQUAL Expr  (57)
	Expr : Expr . AND Expr  (58)
	Expr : Expr . OR Expr  (59)
	Expr : '!' Expr .  (62)
	Expr : Expr . INC  (64)
	Expr : Expr . DEC  (66)
	Expr : Expr . '?' Expr ':' Expr  (67)

	INC  shift 111
	DEC  shift 112
	'.'  shift 120
	'['  shift 121
	AND  reduce 62
	OR  reduce 62
	LESS_EQUAL  reduce 62
	GREATER_EQUAL  reduce 62
	EQUAL  reduce 62
	NOT_EQUAL  reduce 62
	'+'  reduce 62
	'-'  reduce 62
	'*'  reduce 62
	'/'  reduce 62
	'%'  reduce 62
	'>'  reduce 62
	'<'  reduce 62
	','  reduce 62
	';'  reduce 62
	')'  reduce 62
	']'  reduce 62
	'?'  reduce 62
	':'  reduce 62


state 98
	Expr : '(' CLASS . IDENTIFIER ')' Expr  (74)

	IDENTIFIER  shift 135
	.  error


state 99
	Receiver : Expr . '.'  (39)
	LValue : Expr . '[' Expr ']'  (42)
	Expr : Expr . '+' Expr  (47)
	Expr : Expr . '-' Expr  (48)
	Expr : Expr . '*' Expr  (49)
	Expr : Expr . '/' Expr  (50)
	Expr : Expr . '%' Expr  (51)
	Expr : Expr . EQUAL Expr  (52)
	Expr : Expr . NOT_EQUAL Expr  (53)
	Expr : Expr . '<' Expr  (54)
	Expr : Expr . '>' Expr  (55)
	Expr : Expr . LESS_EQUAL Expr  (56)
	Expr : Expr . GREATER_EQUAL Expr  (57)
	Expr : Expr . AND Expr  (58)
	Expr : Expr . OR Expr  (59)
	Expr : '(' Expr . ')'  (60)
	Expr : Expr . INC  (64)
	Expr : Expr . DEC  (66)
	Expr : Expr . '?' Expr ':' Expr  (67)

	AND  shift 105
	OR  shift 106
	LESS_EQUAL  shift 107
	GREATER_EQUAL  shift 108
	EQUAL  shift 109
	NOT_EQUAL  shift 110
	INC  shift 111
	DEC  shift 112
	'+'  shift 113
	'-'  shift 114
	'*'  shift 115
	'/'  shift 116
	'%'  shift 117
	'>'  shift 118
	'<'  shift 119
	'.'  shift 120
	')'  shift 136
	'['  shift 121
	'?'  shift 122
	.  error


state 100
	Stmt : SimpleStmt ';' .  (28)

	.  reduce 28


state 101
	Stmt : ReturnStmt ';' .  (32)

	.  reduce 32


state 102
	Stmt : PrintStmt ';' .  (33)

	.  reduce 33


state 103
	Stmt : BreakStmt ';' .  (34)

	.  reduce 34


state 104
	SimpleStmt : LValue '=' . Expr  (36)
	Receiver : .  (40)

	NULL  shift 46
	THIS  shift 47
	NEW  shift 53
	READ_INTEGER  shift 55
	READ_LINE  shift 56
	LITERAL  shift 57
	INSTANCEOF  shift 58
	INC  shift 59
	DEC  shift 60
	NUMINSTANCES  shift 61
	'-'  shift 62
	'!'  shift 63
	'('  shift 64
	IDENTIFIER  reduce 40

	LValue  goto 84
	Expr  goto 137
	Call  goto 86
	Receiver  goto 79
	Constant  goto 80


state 105
	Expr : Expr AND . Expr  (58)
	Receiver : .  (40)

	NULL  shift 46
	THIS  shift 47
	NEW  shift 53
	READ_INTEGER  shift 55
	READ_LINE  shift 56
	LITERAL  shift 57
	INSTANCEOF  shift 58
	INC  shift 59
	DEC  shift 60
	NUMINSTANCES  shift 61
	'-'  shift 62
	'!'  shift 63
	'('  shift 64
	IDENTIFIER  reduce 40

	LValue  goto 84
	Expr  goto 138
	Call  goto 86
	Receiver  goto 79
	Constant  goto 80


state 106
	Expr : Expr OR . Expr  (59)
	Receiver : .  (40)

	NULL  shift 46
	THIS  shift 47
	NEW  shift 53
	READ_INTEGER  shift 55
	READ_LINE  shift 56
	LITERAL  shift 57
	INSTANCEOF  shift 58
	INC  shift 59
	DEC  shift 60
	NUMINSTANCES  shift 61
	'-'  shift 62
	'!'  shift 63
	'('  shift 64
	IDENTIFIER  reduce 40

	LValue  goto 84
	Expr  goto 139
	Call  goto 86
	Receiver  goto 79
	Constant  goto 80


state 107
	Expr : Expr LESS_EQUAL . Expr  (56)
	Receiver : .  (40)

	NULL  shift 46
	THIS  shift 47
	NEW  shift 53
	READ_INTEGER  shift 55
	READ_LINE  shift 56
	LITERAL  shift 57
	INSTANCEOF  shift 58
	INC  shift 59
	DEC  shift 60
	NUMINSTANCES  shift 61
	'-'  shift 62
	'!'  shift 63
	'('  shift 64
	IDENTIFIER  reduce 40

	LValue  goto 84
	Expr  goto 140
	Call  goto 86
	Receiver  goto 79
	Constant  goto 80


state 108
	Expr : Expr GREATER_EQUAL . Expr  (57)
	Receiver : .  (40)

	NULL  shift 46
	THIS  shift 47
	NEW  shift 53
	READ_INTEGER  shift 55
	READ_LINE  shift 56
	LITERAL  shift 57
	INSTANCEOF  shift 58
	INC  shift 59
	DEC  shift 60
	NUMINSTANCES  shift 61
	'-'  shift 62
	'!'  shift 63
	'('  shift 64
	IDENTIFIER  reduce 40

	LValue  goto 84
	Expr  goto 141
	Call  goto 86
	Receiver  goto 79
	Constant  goto 80


state 109
	Expr : Expr EQUAL . Expr  (52)
	Receiver : .  (40)

	NULL  shift 46
	THIS  shift 47
	NEW  shift 53
	READ_INTEGER  shift 55
	READ_LINE  shift 56
	LITERAL  shift 57
	INSTANCEOF  shift 58
	INC  shift 59
	DEC  shift 60
	NUMINSTANCES  shift 61
	'-'  shift 62
	'!'  shift 63
	'('  shift 64
	IDENTIFIER  reduce 40

	LValue  goto 84
	Expr  goto 142
	Call  goto 86
	Receiver  goto 79
	Constant  goto 80


state 110
	Expr : Expr NOT_EQUAL . Expr  (53)
	Receiver : .  (40)

	NULL  shift 46
	THIS  shift 47
	NEW  shift 53
	READ_INTEGER  shift 55
	READ_LINE  shift 56
	LITERAL  shift 57
	INSTANCEOF  shift 58
	INC  shift 59
	DEC  shift 60
	NUMINSTANCES  shift 61
	'-'  shift 62
	'!'  shift 63
	'('  shift 64
	IDENTIFIER  reduce 40

	LValue  goto 84
	Expr  goto 143
	Call  goto 86
	Receiver  goto 79
	Constant  goto 80


state 111
	Expr : Expr INC .  (64)

	.  reduce 64


state 112
	Expr : Expr DEC .  (66)

	.  reduce 66


state 113
	Expr : Expr '+' . Expr  (47)
	Receiver : .  (40)

	NULL  shift 46
	THIS  shift 47
	NEW  shift 53
	READ_INTEGER  shift 55
	READ_LINE  shift 56
	LITERAL  shift 57
	INSTANCEOF  shift 58
	INC  shift 59
	DEC  shift 60
	NUMINSTANCES  shift 61
	'-'  shift 62
	'!'  shift 63
	'('  shift 64
	IDENTIFIER  reduce 40

	LValue  goto 84
	Expr  goto 144
	Call  goto 86
	Receiver  goto 79
	Constant  goto 80


state 114
	Expr : Expr '-' . Expr  (48)
	Receiver : .  (40)

	NULL  shift 46
	THIS  shift 47
	NEW  shift 53
	READ_INTEGER  shift 55
	READ_LINE  shift 56
	LITERAL  shift 57
	INSTANCEOF  shift 58
	INC  shift 59
	DEC  shift 60
	NUMINSTANCES  shift 61
	'-'  shift 62
	'!'  shift 63
	'('  shift 64
	IDENTIFIER  reduce 40

	LValue  goto 84
	Expr  goto 145
	Call  goto 86
	Receiver  goto 79
	Constant  goto 80


state 115
	Expr : Expr '*' . Expr  (49)
	Receiver : .  (40)

	NULL  shift 46
	THIS  shift 47
	NEW  shift 53
	READ_INTEGER  shift 55
	READ_LINE  shift 56
	LITERAL  shift 57
	INSTANCEOF  shift 58
	INC  shift 59
	DEC  shift 60
	NUMINSTANCES  shift 61
	'-'  shift 62
	'!'  shift 63
	'('  shift 64
	IDENTIFIER  reduce 40

	LValue  goto 84
	Expr  goto 146
	Call  goto 86
	Receiver  goto 79
	Constant  goto 80


state 116
	Expr : Expr '/' . Expr  (50)
	Receiver : .  (40)

	NULL  shift 46
	THIS  shift 47
	NEW  shift 53
	READ_INTEGER  shift 55
	READ_LINE  shift 56
	LITERAL  shift 57
	INSTANCEOF  shift 58
	INC  shift 59
	DEC  shift 60
	NUMINSTANCES  shift 61
	'-'  shift 62
	'!'  shift 63
	'('  shift 64
	IDENTIFIER  reduce 40

	LValue  goto 84
	Expr  goto 147
	Call  goto 86
	Receiver  goto 79
	Constant  goto 80


state 117
	Expr : Expr '%' . Expr  (51)
	Receiver : .  (40)

	NULL  shift 46
	THIS  shift 47
	NEW  shift 53
	READ_INTEGER  shift 55
	READ_LINE  shift 56
	LITERAL  shift 57
	INSTANCEOF  shift 58
	INC  shift 59
	DEC  shift 60
	NUMINSTANCES  shift 61
	'-'  shift 62
	'!'  shift 63
	'('  shift 64
	IDENTIFIER  reduce 40

	LValue  goto 84
	Expr  goto 148
	Call  goto 86
	Receiver  goto 79
	Constant  goto 80


state 118
	Expr : Expr '>' . Expr  (55)
	Receiver : .  (40)

	NULL  shift 46
	THIS  shift 47
	NEW  shift 53
	READ_INTEGER  shift 55
	READ_LINE  shift 56
	LITERAL  shift 57
	INSTANCEOF  shift 58
	INC  shift 59
	DEC  shift 60
	NUMINSTANCES  shift 61
	'-'  shift 62
	'!'  shift 63
	'('  shift 64
	IDENTIFIER  reduce 40

	LValue  goto 84
	Expr  goto 149
	Call  goto 86
	Receiver  goto 79
	Constant  goto 80


state 119
	Expr : Expr '<' . Expr  (54)
	Receiver : .  (40)

	NULL  shift 46
	THIS  shift 47
	NEW  shift 53
	READ_INTEGER  shift 55
	READ_LINE  shift 56
	LITERAL  shift 57
	INSTANCEOF  shift 58
	INC  shift 59
	DEC  shift 60
	NUMINSTANCES  shift 61
	'-'  shift 62
	'!'  shift 63
	'('  shift 64
	IDENTIFIER  reduce 40

	LValue  goto 84
	Expr  goto 150
	Call  goto 86
	Receiver  goto 79
	Constant  goto 80


state 120
	Receiver : Expr '.' .  (39)

	.  reduce 39


state 121
	LValue : Expr '[' . Expr ']'  (42)
	Receiver : .  (40)

	NULL  shift 46
	THIS  shift 47
	NEW  shift 53
	READ_INTEGER  shift 55
	READ_LINE  shift 56
	LITERAL  shift 57
	INSTANCEOF  shift 58
	INC  shift 59
	DEC  shift 60
	NUMINSTANCES  shift 61
	'-'  shift 62
	'!'  shift 63
	'('  shift 64
	IDENTIFIER  reduce 40

	LValue  goto 84
	Expr  goto 151
	Call  goto 86
	Receiver  goto 79
	Constant  goto 80


state 122
	Expr : Expr '?' . Expr ':' Expr  (67)
	Receiver : .  (40)

	NULL  shift 46
	THIS  shift 47
	NEW  shift 53
	READ_INTEGER  shift 55
	READ_LINE  shift 56
	LITERAL  shift 57
	INSTANCEOF  shift 58
	INC  shift 59
	DEC  shift 60
	NUMINSTANCES  shift 61
	'-'  shift 62
	'!'  shift 63
	'('  shift 64
	IDENTIFIER  reduce 40

	LValue  goto 84
	Expr  goto 152
	Call  goto 86
	Receiver  goto 79
	Constant  goto 80


state 123
	LValue : Receiver IDENTIFIER .  (41)
	Call : Receiver IDENTIFIER . '(' Actuals ')'  (43)

	'('  shift 153
	AND  reduce 41
	OR  reduce 41
	LESS_EQUAL  reduce 41
	GREATER_EQUAL  reduce 41
	EQUAL  reduce 41
	NOT_EQUAL  reduce 41
	INC  reduce 41
	DEC  reduce 41
	'+'  reduce 41
	'-'  reduce 41
	'*'  reduce 41
	'/'  reduce 41
	'%'  reduce 41
	'='  reduce 41
	'>'  reduce 41
	'<'  reduce 41
	'.'  reduce 41
	','  reduce 41
	';'  reduce 41
	')'  reduce 41
	'['  reduce 41
	']'  reduce 41
	'?'  reduce 41
	':'  reduce 41


state 124
	Receiver : Expr . '.'  (39)
	LValue : Expr . '[' Expr ']'  (42)
	Expr : Expr . '+' Expr  (47)
	Expr : Expr . '-' Expr  (48)
	Expr : Expr . '*' Expr  (49)
	Expr : Expr . '/' Expr  (50)
	Expr : Expr . '%' Expr  (51)
	Expr : Expr . EQUAL Expr  (52)
	Expr : Expr . NOT_EQUAL Expr  (53)
	Expr : Expr . '<' Expr  (54)
	Expr : Expr . '>' Expr  (55)
	Expr : Expr . LESS_EQUAL Expr  (56)
	Expr : Expr . GREATER_EQUAL Expr  (57)
	Expr : Expr . AND Expr  (58)
	Expr : Expr . OR Expr  (59)
	Expr : Expr . INC  (64)
	Expr : Expr . DEC  (66)
	Expr : Expr . '?' Expr ':' Expr  (67)
	WhileStmt : WHILE '(' Expr . ')' Stmt  (82)

	AND  shift 105
	OR  shift 106
	LESS_EQUAL  shift 107
	GREATER_EQUAL  shift 108
	EQUAL  shift 109
	NOT_EQUAL  shift 110
	INC  shift 111
	DEC  shift 112
	'+'  shift 113
	'-'  shift 114
	'*'  shift 115
	'/'  shift 116
	'%'  shift 117
	'>'  shift 118
	'<'  shift 119
	'.'  shift 120
	')'  shift 154
	'['  shift 121
	'?'  shift 122
	.  error


state 125
	ForStmt : FOR '(' SimpleStmt . ';' Expr ';' SimpleStmt ')' Stmt  (83)

	';'  shift 155
	.  error


state 126
	Receiver : Expr . '.'  (39)
	LValue : Expr . '[' Expr ']'  (42)
	Expr : Expr . '+' Expr  (47)
	Expr : Expr . '-' Expr  (48)
	Expr : Expr . '*' Expr  (49)
	Expr : Expr . '/' Expr  (50)
	Expr : Expr . '%' Expr  (51)
	Expr : Expr . EQUAL Expr  (52)
	Expr : Expr . NOT_EQUAL Expr  (53)
	Expr : Expr . '<' Expr  (54)
	Expr : Expr . '>' Expr  (55)
	Expr : Expr . LESS_EQUAL Expr  (56)
	Expr : Expr . GREATER_EQUAL Expr  (57)
	Expr : Expr . AND Expr  (58)
	Expr : Expr . OR Expr  (59)
	Expr : Expr . INC  (64)
	Expr : Expr . DEC  (66)
	Expr : Expr . '?' Expr ':' Expr  (67)
	IfStmt : IF '(' Expr . ')' Stmt ElseClause  (85)

	AND  shift 105
	OR  shift 106
	LESS_EQUAL  shift 107
	GREATER_EQUAL  shift 108
	EQUAL  shift 109
	NOT_EQUAL  shift 110
	INC  shift 111
	DEC  shift 112
	'+'  shift 113
	'-'  shift 114
	'*'  shift 115
	'/'  shift 116
	'%'  shift 117
	'>'  shift 118
	'<'  shift 119
	'.'  shift 120
	')'  shift 156
	'['  shift 121
	'?'  shift 122
	.  error


state 127
	Expr : NEW IDENTIFIER '(' . ')'  (71)

	')'  shift 157
	.  error


state 128
	Type : Type '[' . ']'  (11)
	Expr : NEW Type '[' . Expr ']'  (72)
	Receiver : .  (40)

	NULL  shift 46
	THIS  shift 47
	NEW  shift 53
	READ_INTEGER  shift 55
	READ_LINE  shift 56
	LITERAL  shift 57
	INSTANCEOF  shift 58
	INC  shift 59
	DEC  shift 60
	NUMINSTANCES  shift 61
	'-'  shift 62
	'!'  shift 63
	'('  shift 64
	']'  shift 30
	IDENTIFIER  reduce 40

	LValue  goto 84
	Expr  goto 158
	Call  goto 86
	Receiver  goto 79
	Constant  goto 80


state 129
	Receiver : Expr . '.'  (39)
	LValue : Expr . '[' Expr ']'  (42)
	Expr : Expr . '+' Expr  (47)
	Expr : Expr . '-' Expr  (48)
	Expr : Expr . '*' Expr  (49)
	Expr : Expr . '/' Expr  (50)
	Expr : Expr . '%' Expr  (51)
	Expr : Expr . EQUAL Expr  (52)
	Expr : Expr . NOT_EQUAL Expr  (53)
	Expr : Expr . '<' Expr  (54)
	Expr : Expr . '>' Expr  (55)
	Expr : Expr . LESS_EQUAL Expr  (56)
	Expr : Expr . GREATER_EQUAL Expr  (57)
	Expr : Expr . AND Expr  (58)
	Expr : Expr . OR Expr  (59)
	Expr : Expr . INC  (64)
	Expr : Expr . DEC  (66)
	Expr : Expr . '?' Expr ':' Expr  (67)
	ExprList : Expr .  (81)

	AND  shift 105
	OR  shift 106
	LESS_EQUAL  shift 107
	GREATER_EQUAL  shift 108
	EQUAL  shift 109
	NOT_EQUAL  shift 110
	INC  shift 111
	DEC  shift 112
	'+'  shift 113
	'-'  shift 114
	'*'  shift 115
	'/'  shift 116
	'%'  shift 117
	'>'  shift 118
	'<'  shift 119
	'.'  shift 120
	'['  shift 121
	'?'  shift 122
	','  reduce 81
	')'  reduce 81


state 130
	ExprList : ExprList . ',' Expr  (80)
	PrintStmt : PRINT '(' ExprList . ')'  (90)

	','  shift 159
	')'  shift 160
	.  error


state 131
	Expr : READ_INTEGER '(' ')' .  (68)

	.  reduce 68


state 132
	Expr : READ_LINE '(' ')' .  (69)

	.  reduce 69


state 133
	Receiver : Expr . '.'  (39)
	LValue : Expr . '[' Expr ']'  (42)
	Expr : Expr . '+' Expr  (47)
	Expr : Expr . '-' Expr  (48)
	Expr : Expr . '*' Expr  (49)
	Expr : Expr . '/' Expr  (50)
	Expr : Expr . '%' Expr  (51)
	Expr : Expr . EQUAL Expr  (52)
	Expr : Expr . NOT_EQUAL Expr  (53)
	Expr : Expr . '<' Expr  (54)
	Expr : Expr . '>' Expr  (55)
	Expr : Expr . LESS_EQUAL Expr  (56)
	Expr : Expr . GREATER_EQUAL Expr  (57)
	Expr : Expr . AND Expr  (58)
	Expr : Expr . OR Expr  (59)
	Expr : Expr . INC  (64)
	Expr : Expr . DEC  (66)
	Expr : Expr . '?' Expr ':' Expr  (67)
	Expr : INSTANCEOF '(' Expr . ',' IDENTIFIER ')'  (73)

	AND  shift 105
	OR  shift 106
	LESS_EQUAL  shift 107
	GREATER_EQUAL  shift 108
	EQUAL  shift 109
	NOT_EQUAL  shift 110
	INC  shift 111
	DEC  shift 112
	'+'  shift 113
	'-'  shift 114
	'*'  shift 115
	'/'  shift 116
	'%'  shift 117
	'>'  shift 118
	'<'  shift 119
	'.'  shift 120
	','  shift 161
	'['  shift 121
	'?'  shift 122
	.  error


state 134
	Expr : NUMINSTANCES '(' IDENTIFIER . ')'  (75)

	')'  shift 162
	.  error


state 135
	Expr : '(' CLASS IDENTIFIER . ')' Expr  (74)

	')'  shift 163
	.  error


state 136
	Expr : '(' Expr ')' .  (60)

	.  reduce 60


state 137
	SimpleStmt : LValue '=' Expr .  (36)
	Receiver : Expr . '.'  (39)
	LValue : Expr . '[' Expr ']'  (42)
	Expr : Expr . '+' Expr  (47)
	Expr : Expr . '-' Expr  (48)
	Expr : Expr . '*' Expr  (49)
	Expr : Expr . '/' Expr  (50)
	Expr : Expr . '%' Expr  (51)
	Expr : Expr . EQUAL Expr  (52)
	Expr : Expr . NOT_EQUAL Expr  (53)
	Expr : Expr . '<' Expr  (54)
	Expr : Expr . '>' Expr  (55)
	Expr : Expr . LESS_EQUAL Expr  (56)
	Expr : Expr . GREATER_EQUAL Expr  (57)
	Expr : Expr . AND Expr  (58)
	Expr : Expr . OR Expr  (59)
	Expr : Expr . INC  (64)
	Expr : Expr . DEC  (66)
	Expr : Expr . '?' Expr ':' Expr  (67)

	AND  shift 105
	OR  shift 106
	LESS_EQUAL  shift 107
	GREATER_EQUAL  shift 108
	EQUAL  shift 109
	NOT_EQUAL  shift 110
	INC  shift 111
	DEC  shift 112
	'+'  shift 113
	'-'  shift 114
	'*'  shift 115
	'/'  shift 116
	'%'  shift 117
	'>'  shift 118
	'<'  shift 119
	'.'  shift 120
	'['  shift 121
	'?'  shift 122
	';'  reduce 36
	')'  reduce 36


state 138
	Receiver : Expr . '.'  (39)
	LValue : Expr . '[' Expr ']'  (42)
	Expr : Expr . '+' Expr  (47)
	Expr : Expr . '-' Expr  (48)
	Expr : Expr . '*' Expr  (49)
	Expr : Expr . '/' Expr  (50)
	Expr : Expr . '%' Expr  (51)
	Expr : Expr . EQUAL Expr  (52)
	Expr : Expr . NOT_EQUAL Expr  (53)
	Expr : Expr . '<' Expr  (54)
	Expr : Expr . '>' Expr  (55)
	Expr : Expr . LESS_EQUAL Expr  (56)
	Expr : Expr . GREATER_EQUAL Expr  (57)
	Expr : Expr . AND Expr  (58)
	Expr : Expr AND Expr .  (58)
	Expr : Expr . OR Expr  (59)
	Expr : Expr . INC  (64)
	Expr : Expr . DEC  (66)
	Expr : Expr . '?' Expr ':' Expr  (67)

	LESS_EQUAL  shift 107
	GREATER_EQUAL  shift 108
	EQUAL  shift 109
	NOT_EQUAL  shift 110
	INC  shift 111
	DEC  shift 112
	'+'  shift 113
	'-'  shift 114
	'*'  shift 115
	'/'  shift 116
	'%'  shift 117
	'>'  shift 118
	'<'  shift 119
	'.'  shift 120
	'['  shift 121
	AND  reduce 58
	OR  reduce 58
	','  reduce 58
	';'  reduce 58
	')'  reduce 58
	']'  reduce 58
	'?'  reduce 58
	':'  reduce 58


state 139
	Receiver : Expr . '.'  (39)
	LValue : Expr . '[' Expr ']'  (42)
	Expr : Expr . '+' Expr  (47)
	Expr : Expr . '-' Expr  (48)
	Expr : Expr . '*' Expr  (49)
	Expr : Expr . '/' Expr  (50)
	Expr : Expr . '%' Expr  (51)
	Expr : Expr . EQUAL Expr  (52)
	Expr : Expr . NOT_EQUAL Expr  (53)
	Expr : Expr . '<' Expr  (54)
	Expr : Expr . '>' Expr  (55)
	Expr : Expr . LESS_EQUAL Expr  (56)
	Expr : Expr . GREATER_EQUAL Expr  (57)
	Expr : Expr . AND Expr  (58)
	Expr : Expr . OR Expr  (59)
	Expr : Expr OR Expr .  (59)
	Expr : Expr . INC  (64)
	Expr : Expr . DEC  (66)
	Expr : Expr . '?' Expr ':' Expr  (67)

	AND  shift 105
	LESS_EQUAL  shift 107
	GREATER_EQUAL  shift 108
	EQUAL  shift 109
	NOT_EQUAL  shift 110
	INC  shift 111
	DEC  shift 112
	'+'  shift 113
	'-'  shift 114
	'*'  shift 115
	'/'  shift 116
	'%'  shift 117
	'>'  shift 118
	'<'  shift 119
	'.'  shift 120
	'['  shift 121
	OR  reduce 59
	','  reduce 59
	';'  reduce 59
	')'  reduce 59
	']'  reduce 59
	'?'  reduce 59
	':'  reduce 59


state 140
	Receiver : Expr . '.'  (39)
	LValue : Expr . '[' Expr ']'  (42)
	Expr : Expr . '+' Expr  (47)
	Expr : Expr . '-' Expr  (48)
	Expr : Expr . '*' Expr  (49)
	Expr : Expr . '/' Expr  (50)
	Expr : Expr . '%' Expr  (51)
	Expr : Expr . EQUAL Expr  (52)
	Expr : Expr . NOT_EQUAL Expr  (53)
	Expr : Expr . '<' Expr  (54)
	Expr : Expr . '>' Expr  (55)
	Expr : Expr . LESS_EQUAL Expr  (56)
	Expr : Expr LESS_EQUAL Expr .  (56)
	Expr : Expr . GREATER_EQUAL Expr  (57)
	Expr : Expr . AND Expr  (58)
	Expr : Expr . OR Expr  (59)
	Expr : Expr . INC  (64)
	Expr : Expr . DEC  (66)
	Expr : Expr . '?' Expr ':' Expr  (67)

	INC  shift 111
	DEC  shift 112
	'+'  shift 113
	'-'  shift 114
	'*'  shift 115
	'/'  shift 116
	'%'  shift 117
	'.'  shift 120
	'['  shift 121
	AND  reduce 56
	OR  reduce 56
	EQUAL  reduce 56
	NOT_EQUAL  reduce 56
	','  reduce 56
	';'  reduce 56
	')'  reduce 56
	']'  reduce 56
	'?'  reduce 56
	':'  reduce 56


state 141
	Receiver : Expr . '.'  (39)
	LValue : Expr . '[' Expr ']'  (42)
	Expr : Expr . '+' Expr  (47)
	Expr : Expr . '-' Expr  (48)
	Expr : Expr . '*' Expr  (49)
	Expr : Expr . '/' Expr  (50)
	Expr : Expr . '%' Expr  (51)
	Expr : Expr . EQUAL Expr  (52)
	Expr : Expr . NOT_EQUAL Expr  (53)
	Expr : Expr . '<' Expr  (54)
	Expr : Expr . '>' Expr  (55)
	Expr : Expr . LESS_EQUAL Expr  (56)
	Expr : Expr . GREATER_EQUAL Expr  (57)
	Expr : Expr GREATER_EQUAL Expr .  (57)
	Expr : Expr . AND Expr  (58)
	Expr : Expr . OR Expr  (59)
	Expr : Expr . INC  (64)
	Expr : Expr . DEC  (66)
	Expr : Expr . '?' Expr ':' Expr  (67)

	INC  shift 111
	DEC  shift 112
	'+'  shift 113
	'-'  shift 114
	'*'  shift 115
	'/'  shift 116
	'%'  shift 117
	'.'  shift 120
	'['  shift 121
	AND  reduce 57
	OR  reduce 57
	EQUAL  reduce 57
	NOT_EQUAL  reduce 57
	','  reduce 57
	';'  reduce 57
	')'  reduce 57
	']'  reduce 57
	'?'  reduce 57
	':'  reduce 57


state 142
	Receiver : Expr . '.'  (39)
	LValue : Expr . '[' Expr ']'  (42)
	Expr : Expr . '+' Expr  (47)
	Expr : Expr . '-' Expr  (48)
	Expr : Expr . '*' Expr  (49)
	Expr : Expr . '/' Expr  (50)
	Expr : Expr . '%' Expr  (51)
	Expr : Expr . EQUAL Expr  (52)
	Expr : Expr EQUAL Expr .  (52)
	Expr : Expr . NOT_EQUAL Expr  (53)
	Expr : Expr . '<' Expr  (54)
	Expr : Expr . '>' Expr  (55)
	Expr : Expr . LESS_EQUAL Expr  (56)
	Expr : Expr . GREATER_EQUAL Expr  (57)
	Expr : Expr . AND Expr  (58)
	Expr : Expr . OR Expr  (59)
	Expr : Expr . INC  (64)
	Expr : Expr . DEC  (66)
	Expr : Expr . '?' Expr ':' Expr  (67)

	LESS_EQUAL  shift 107
	GREATER_EQUAL  shift 108
	INC  shift 111
	DEC  shift 112
	'+'  shift 113
	'-'  shift 114
	'*'  shift 115
	'/'  shift 116
	'%'  shift 117
	'>'  shift 118
	'<'  shift 119
	'.'  shift 120
	'['  shift 121
	AND  reduce 52
	OR  reduce 52
	','  reduce 52
	';'  reduce 52
	')'  reduce 52
	']'  reduce 52
	'?'  reduce 52
	':'  reduce 52


state 143
	Receiver : Expr . '.'  (39)
	LValue : Expr . '[' Expr ']'  (42)
	Expr : Expr . '+' Expr  (47)
	Expr : Expr . '-' Expr  (48)
	Expr : Expr . '*' Expr  (49)
	Expr : Expr . '/' Expr  (50)
	Expr : Expr . '%' Expr  (51)
	Expr : Expr . EQUAL Expr  (52)
	Expr : Expr . NOT_EQUAL Expr  (53)
	Expr : Expr NOT_EQUAL Expr .  (53)
	Expr : Expr . '<' Expr  (54)
	Expr : Expr . '>' Expr  (55)
	Expr : Expr . LESS_EQUAL Expr  (56)
	Expr : Expr . GREATER_EQUAL Expr  (57)
	Expr : Expr . AND Expr  (58)
	Expr : Expr . OR Expr  (59)
	Expr : Expr . INC  (64)
	Expr : Expr . DEC  (66)
	Expr : Expr . '?' Expr ':' Expr  (67)

	LESS_EQUAL  shift 107
	GREATER_EQUAL  shift 108
	INC  shift 111
	DEC  shift 112
	'+'  shift 113
	'-'  shift 114
	'*'  shift 115
	'/'  shift 116
	'%'  shift 117
	'>'  shift 118
	'<'  shift 119
	'.'  shift 120
	'['  shift 121
	AND  reduce 53
	OR  reduce 53
	','  reduce 53
	';'  reduce 53
	')'  reduce 53
	']'  reduce 53
	'?'  reduce 53
	':'  reduce 53


state 144
	Receiver : Expr . '.'  (39)
	LValue : Expr . '[' Expr ']'  (42)
	Expr : Expr . '+' Expr  (47)
	Expr : Expr '+' Expr .  (47)
	Expr : Expr . '-' Expr  (48)
	Expr : Expr . '*' Expr  (49)
	Expr : Expr . '/' Expr  (50)
	Expr : Expr . '%' Expr  (51)
	Expr : Expr . EQUAL Expr  (52)
	Expr : Expr . NOT_EQUAL Expr  (53)
	Expr : Expr . '<' Expr  (54)
	Expr : Expr . '>' Expr  (55)
	Expr : Expr . LESS_EQUAL Expr  (56)
	Expr : Expr . GREATER_EQUAL Expr  (57)
	Expr : Expr . AND Expr  (58)
	Expr : Expr . OR Expr  (59)
	Expr : Expr . INC  (64)
	Expr : Expr . DEC  (66)
	Expr : Expr . '?' Expr ':' Expr  (67)

	INC  shift 111
	DEC  shift 112
	'*'  shift 115
	'/'  shift 116
	'%'  shift 117
	'.'  shift 120
	'['  shift 121
	AND  reduce 47
	OR  reduce 47
	LESS_EQUAL  reduce 47
	GREATER_EQUAL  reduce 47
	EQUAL  reduce 47
	NOT_EQUAL  reduce 47
	'+'  reduce 47
	'-'  reduce 47
	'>'  reduce 47
	'<'  reduce 47
	','  reduce 47
	';'  reduce 47
	')'  reduce 47
	']'  reduce 47
	'?'  reduce 47
	':'  reduce 47


state 145
	Receiver : Expr . '.'  (39)
	LValue : Expr . '[' Expr ']'  (42)
	Expr : Expr . '+' Expr  (47)
	Expr : Expr . '-' Expr  (48)
	Expr : Expr '-' Expr .  (48)
	Expr : Expr . '*' Expr  (49)
	Expr : Expr . '/' Expr  (50)
	Expr : Expr . '%' Expr  (51)
	Expr : Expr . EQUAL Expr  (52)
	Expr : Expr . NOT_EQUAL Expr  (53)
	Expr : Expr . '<' Expr  (54)
	Expr : Expr . '>' Expr  (55)
	Expr : Expr . LESS_EQUAL Expr  (56)
	Expr : Expr . GREATER_EQUAL Expr  (57)
	Expr : Expr . AND Expr  (58)
	Expr : Expr . OR Expr  (59)
	Expr : Expr . INC  (64)
	Expr : Expr . DEC  (66)
	Expr : Expr . '?' Expr ':' Expr  (67)

	INC  shift 111
	DEC  shift 112
	'*'  shift 115
	'/'  shift 116
	'%'  shift 117
	'.'  shift 120
	'['  shift 121
	AND  reduce 48
	OR  reduce 48
	LESS_EQUAL  reduce 48
	GREATER_EQUAL  reduce 48
	EQUAL  reduce 48
	NOT_EQUAL  reduce 48
	'+'  reduce 48
	'-'  reduce 48
	'>'  reduce 48
	'<'  reduce 48
	','  reduce 48
	';'  reduce 48
	')'  reduce 48
	']'  reduce 48
	'?'  reduce 48
	':'  reduce 48


state 146
	Receiver : Expr . '.'  (39)
	LValue : Expr . '[' Expr ']'  (42)
	Expr : Expr . '+' Expr  (47)
	Expr : Expr . '-' Expr  (48)
	Expr : Expr . '*' Expr  (49)
	Expr : Expr '*' Expr .  (49)
	Expr : Expr . '/' Expr  (50)
	Expr : Expr . '%' Expr  (51)
	Expr : Expr . EQUAL Expr  (52)
	Expr : Expr . NOT_EQUAL Expr  (53)
	Expr : Expr . '<' Expr  (54)
	Expr : Expr . '>' Expr  (55)
	Expr : Expr . LESS_EQUAL Expr  (56)
	Expr : Expr . GREATER_EQUAL Expr  (57)
	Expr : Expr . AND Expr  (58)
	Expr : Expr . OR Expr  (59)
	Expr : Expr . INC  (64)
	Expr : Expr . DEC  (66)
	Expr : Expr . '?' Expr ':' Expr  (67)

	INC  shift 111
	DEC  shift 112
	'.'  shift 120
	'['  shift 121
	AND  reduce 49
	OR  reduce 49
	LESS_EQUAL  reduce 49
	GREATER_EQUAL  reduce 49
	EQUAL  reduce 49
	NOT_EQUAL  reduce 49
	'+'  reduce 49
	'-'  reduce 49
	'*'  reduce 49
	'/'  reduce 49
	'%'  reduce 49
	'>'  reduce 49
	'<'  reduce 49
	','  reduce 49
	';'  reduce 49
	')'  reduce 49
	']'  reduce 49
	'?'  reduce 49
	':'  reduce 49


state 147
	Receiver : Expr . '.'  (39)
	LValue : Expr . '[' Expr ']'  (42)
	Expr : Expr . '+' Expr  (47)
	Expr : Expr . '-' Expr  (48)
	Expr : Expr . '*' Expr  (49)
	Expr : Expr . '/' Expr  (50)
	Expr : Expr '/' Expr .  (50)
	Expr : Expr . '%' Expr  (51)
	Expr : Expr . EQUAL Expr  (52)
	Expr : Expr . NOT_EQUAL Expr  (53)
	Expr : Expr . '<' Expr  (54)
	Expr : Expr . '>' Expr  (55)
	Expr : Expr . LESS_EQUAL Expr  (56)
	Expr : Expr . GREATER_EQUAL Expr  (57)
	Expr : Expr . AND Expr  (58)
	Expr : Expr . OR Expr  (59)
	Expr : Expr . INC  (64)
	Expr : Expr . DEC  (66)
	Expr : Expr . '?' Expr ':' Expr  (67)

	INC  shift 111
	DEC  shift 112
	'.'  shift 120
	'['  shift 121
	AND  reduce 50
	OR  reduce 50
	LESS_EQUAL  reduce 50
	GREATER_EQUAL  reduce 50
	EQUAL  reduce 50
	NOT_EQUAL  reduce 50
	'+'  reduce 50
	'-'  reduce 50
	'*'  reduce 50
	'/'  reduce 50
	'%'  reduce 50
	'>'  reduce 50
	'<'  reduce 50
	','  reduce 50
	';'  reduce 50
	')'  reduce 50
	']'  reduce 50
	'?'  reduce 50
	':'  reduce 50


state 148
	Receiver : Expr . '.'  (39)
	LValue : Expr . '[' Expr ']'  (42)
	Expr : Expr . '+' Expr  (47)
	Expr : Expr . '-' Expr  (48)
	Expr : Expr . '*' Expr  (49)
	Expr : Expr . '/' Expr  (50)
	Expr : Expr . '%' Expr  (51)
	Expr : Expr '%' Expr .  (51)
	Expr : Expr . EQUAL Expr  (52)
	Expr : Expr . NOT_EQUAL Expr  (53)
	Expr : Expr . '<' Expr  (54)
	Expr : Expr . '>' Expr  (55)
	Expr : Expr . LESS_EQUAL Expr  (56)
	Expr : Expr . GREATER_EQUAL Expr  (57)
	Expr : Expr . AND Expr  (58)
	Expr : Expr . OR Expr  (59)
	Expr : Expr . INC  (64)
	Expr : Expr . DEC  (66)
	Expr : Expr . '?' Expr ':' Expr  (67)

	INC  shift 111
	DEC  shift 112
	'.'  shift 120
	'['  shift 121
	AND  reduce 51
	OR  reduce 51
	LESS_EQUAL  reduce 51
	GREATER_EQUAL  reduce 51
	EQUAL  reduce 51
	NOT_EQUAL  reduce 51
	'+'  reduce 51
	'-'  reduce 51
	'*'  reduce 51
	'/'  reduce 51
	'%'  reduce 51
	'>'  reduce 51
	'<'  reduce 51
	','  reduce 51
	';'  reduce 51
	')'  reduce 51
	']'  reduce 51
	'?'  reduce 51
	':'  reduce 51


state 149
	Receiver : Expr . '.'  (39)
	LValue : Expr . '[' Expr ']'  (42)
	Expr : Expr . '+' Expr  (47)
	Expr : Expr . '-' Expr  (48)
	Expr : Expr . '*' Expr  (49)
	Expr : Expr . '/' Expr  (50)
	Expr : Expr . '%' Expr  (51)
	Expr : Expr . EQUAL Expr  (52)
	Expr : Expr . NOT_EQUAL Expr  (53)
	Expr : Expr . '<' Expr  (54)
	Expr : Expr . '>' Expr  (55)
	Expr : Expr '>' Expr .  (55)
	Expr : Expr . LESS_EQUAL Expr  (56)
	Expr : Expr . GREATER_EQUAL Expr  (57)
	Expr : Expr . AND Expr  (58)
	Expr : Expr . OR Expr  (59)
	Expr : Expr . INC  (64)
	Expr : Expr . DEC  (66)
	Expr : Expr . '?' Expr ':' Expr  (67)

	INC  shift 111
	DEC  shift 112
	'+'  shift 113
	'-'  shift 114
	'*'  shift 115
	'/'  shift 116
	'%'  shift 117
	'.'  shift 120
	'['  shift 121
	AND  reduce 55
	OR  reduce 55
	EQUAL  reduce 55
	NOT_EQUAL  reduce 55
	','  reduce 55
	';'  reduce 55
	')'  reduce 55
	']'  reduce 55
	'?'  reduce 55
	':'  reduce 55


state 150
	Receiver : Expr . '.'  (39)
	LValue : Expr . '[' Expr ']'  (42)
	Expr : Expr . '+' Expr  (47)
	Expr : Expr . '-' Expr  (48)
	Expr : Expr . '*' Expr  (49)
	Expr : Expr . '/' Expr  (50)
	Expr : Expr . '%' Expr  (51)
	Expr : Expr . EQUAL Expr  (52)
	Expr : Expr . NOT_EQUAL Expr  (53)
	Expr : Expr . '<' Expr  (54)
	Expr : Expr '<' Expr .  (54)
	Expr : Expr . '>' Expr  (55)
	Expr : Expr . LESS_EQUAL Expr  (56)
	Expr : Expr . GREATER_EQUAL Expr  (57)
	Expr : Expr . AND Expr  (58)
	Expr : Expr . OR Expr  (59)
	Expr : Expr . INC  (64)
	Expr : Expr . DEC  (66)
	Expr : Expr . '?' Expr ':' Expr  (67)

	INC  shift 111
	DEC  shift 112
	'+'  shift 113
	'-'  shift 114
	'*'  shift 115
	'/'  shift 116
	'%'  shift 117
	'.'  shift 120
	'['  shift 121
	AND  reduce 54
	OR  reduce 54
	EQUAL  reduce 54
	NOT_EQUAL  reduce 54
	','  reduce 54
	';'  reduce 54
	')'  reduce 54
	']'  reduce 54
	'?'  reduce 54
	':'  reduce 54


state 151
	Receiver : Expr . '.'  (39)
	LValue : Expr . '[' Expr ']'  (42)
	LValue : Expr '[' Expr . ']'  (42)
	Expr : Expr . '+' Expr  (47)
	Expr : Expr . '-' Expr  (48)
	Expr : Expr . '*' Expr  (49)
	Expr : Expr . '/' Expr  (50)
	Expr : Expr . '%' Expr  (51)
	Expr : Expr . EQUAL Expr  (52)
	Expr : Expr . NOT_EQUAL Expr  (53)
	Expr : Expr . '<' Expr  (54)
	Expr : Expr . '>' Expr  (55)
	Expr : Expr . LESS_EQUAL Expr  (56)
	Expr : Expr . GREATER_EQUAL Expr  (57)
	Expr : Expr . AND Expr  (58)
	Expr : Expr . OR Expr  (59)
	Expr : Expr . INC  (64)
	Expr : Expr . DEC  (66)
	Expr : Expr . '?' Expr ':' Expr  (67)

	AND  shift 105
	OR  shift 106
	LESS_EQUAL  shift 107
	GREATER_EQUAL  shift 108
	EQUAL  shift 109
	NOT_EQUAL  shift 110
	INC  shift 111
	DEC  shift 112
	'+'  shift 113
	'-'  shift 114
	'*'  shift 115
	'/'  shift 116
	'%'  shift 117
	'>'  shift 118
	'<'  shift 119
	'.'  shift 120
	'['  shift 121
	']'  shift 164
	'?'  shift 122
	.  error


state 152
	Receiver : Expr . '.'  (39)
	LValue : Expr . '[' Expr ']'  (42)
	Expr : Expr . '+' Expr  (47)
	Expr : Expr . '-' Expr  (48)
	Expr : Expr . '*' Expr  (49)
	Expr : Expr . '/' Expr  (50)
	Expr : Expr . '%' Expr  (51)
	Expr : Expr . EQUAL Expr  (52)
	Expr : Expr . NOT_EQUAL Expr  (53)
	Expr : Expr . '<' Expr  (54)
	Expr : Expr . '>' Expr  (55)
	Expr : Expr . LESS_EQUAL Expr  (56)
	Expr : Expr . GREATER_EQUAL Expr  (57)
	Expr : Expr . AND Expr  (58)
	Expr : Expr . OR Expr  (59)
	Expr : Expr . INC  (64)
	Expr : Expr . DEC  (66)
	Expr : Expr . '?' Expr ':' Expr  (67)
	Expr : Expr '?' Expr . ':' Expr  (67)

	AND  shift 105
	OR  shift 106
	LESS_EQUAL  shift 107
	GREATER_EQUAL  shift 108
	EQUAL  shift 109
	NOT_EQUAL  shift 110
	INC  shift 111
	DEC  shift 112
	'+'  shift 113
	'-'  shift 114
	'*'  shift 115
	'/'  shift 116
	'%'  shift 117
	'>'  shift 118
	'<'  shift 119
	'.'  shift 120
	'['  shift 121
	'?'  shift 122
	':'  shift 165
	.  error


state 153
	Call : Receiver IDENTIFIER '(' . Actuals ')'  (43)
	Receiver : .  (40)
	Actuals : .  (79)

	NULL  shift 46
	THIS  shift 47
	NEW  shift 53
	READ_INTEGER  shift 55
	READ_LINE  shift 56
	LITERAL  shift 57
	INSTANCEOF  shift 58
	INC  shift 59
	DEC  shift 60
	NUMINSTANCES  shift 61
	'-'  shift 62
	'!'  shift 63
	'('  shift 64
	IDENTIFIER  reduce 40
	')'  reduce 79

	LValue  goto 84
	Expr  goto 129
	Call  goto 86
	Receiver  goto 79
	Actuals  goto 166
	Constant  goto 80
	ExprList  goto 167


state 154
	WhileStmt : WHILE '(' Expr ')' . Stmt  (82)
	SimpleStmt : .  (38)
	Receiver : .  (40)

	VOID  shift 12
	BOOL  shift 13
	INT  shift 14
	STRING  shift 15
	CLASS  shift 16
	NULL  shift 46
	THIS  shift 47
	WHILE  shift 48
	FOR  shift 49
	IF  shift 50
	RETURN  shift 51
	BREAK  shift 52
	NEW  shift 53
	PRINT  shift 54
	READ_INTEGER  shift 55
	READ_LINE  shift 56
	LITERAL  shift 57
	INSTANCEOF  shift 58
	INC  shift 59
	DEC  shift 60
	NUMINSTANCES  shift 61
	'-'  shift 62
	'!'  shift 63
	'('  shift 64
	'{'  shift 41
	IDENTIFIER  reduce 40
	';'  reduce 38

	VariableDef  goto 66
	Variable  goto 20
	Type  goto 33
	StmtBlock  goto 67
	Stmt  goto 168
	SimpleStmt  goto 69
	IfStmt  goto 70
	WhileStmt  goto 71
	ForStmt  goto 72
	ReturnStmt  goto 73
	PrintStmt  goto 74
	BreakStmt  goto 75
	LValue  goto 76
	Expr  goto 77
	Call  goto 78
	Receiver  goto 79
	Constant  goto 80


state 155
	ForStmt : FOR '(' SimpleStmt ';' . Expr ';' SimpleStmt ')' Stmt  (83)
	Receiver : .  (40)

	NULL  shift 46
	THIS  shift 47
	NEW  shift 53
	READ_INTEGER  shift 55
	READ_LINE  shift 56
	LITERAL  shift 57
	INSTANCEOF  shift 58
	INC  shift 59
	DEC  shift 60
	NUMINSTANCES  shift 61
	'-'  shift 62
	'!'  shift 63
	'('  shift 64
	IDENTIFIER  reduce 40

	LValue  goto 84
	Expr  goto 169
	Call  goto 86
	Receiver  goto 79
	Constant  goto 80


state 156
	IfStmt : IF '(' Expr ')' . Stmt ElseClause  (85)
	SimpleStmt : .  (38)
	Receiver : .  (40)

	VOID  shift 12
	BOOL  shift 13
	INT  shift 14
	STRING  shift 15
	CLASS  shift 16
	NULL  shift 46
	THIS  shift 47
	WHILE  shift 48
	FOR  shift 49
	IF  shift 50
	RETURN  shift 51
	BREAK  shift 52
	NEW  shift 53
	PRINT  shift 54
	READ_INTEGER  shift 55
	READ_LINE  shift 56
	LITERAL  shift 57
	INSTANCEOF  shift 58
	INC  shift 59
	DEC  shift 60
	NUMINSTANCES  shift 61
	'-'  shift 62
	'!'  shift 63
	'('  shift 64
	'{'  shift 41
	IDENTIFIER  reduce 40
	';'  reduce 38

	VariableDef  goto 66
	Variable  goto 20
	Type  goto 33
	StmtBlock  goto 67
	Stmt  goto 170
	SimpleStmt  goto 69
	IfStmt  goto 70
	WhileStmt  goto 71
	ForStmt  goto 72
	ReturnStmt  goto 73
	PrintStmt  goto 74
	BreakStmt  goto 75
	LValue  goto 76
	Expr  goto 77
	Call  goto 78
	Receiver  goto 79
	Constant  goto 80


state 157
	Expr : NEW IDENTIFIER '(' ')' .  (71)

	.  reduce 71


state 158
	Receiver : Expr . '.'  (39)
	LValue : Expr . '[' Expr ']'  (42)
	Expr : Expr . '+' Expr  (47)
	Expr : Expr . '-' Expr  (48)
	Expr : Expr . '*' Expr  (49)
	Expr : Expr . '/' Expr  (50)
	Expr : Expr . '%' Expr  (51)
	Expr : Expr . EQUAL Expr  (52)
	Expr : Expr . NOT_EQUAL Expr  (53)
	Expr : Expr . '<' Expr  (54)
	Expr : Expr . '>' Expr  (55)
	Expr : Expr . LESS_EQUAL Expr  (56)
	Expr : Expr . GREATER_EQUAL Expr  (57)
	Expr : Expr . AND Expr  (58)
	Expr : Expr . OR Expr  (59)
	Expr : Expr . INC  (64)
	Expr : Expr . DEC  (66)
	Expr : Expr . '?' Expr ':' Expr  (67)
	Expr : NEW Type '[' Expr . ']'  (72)

	AND  shift 105
	OR  shift 106
	LESS_EQUAL  shift 107
	GREATER_EQUAL  shift 108
	EQUAL  shift 109
	NOT_EQUAL  shift 110
	INC  shift 111
	DEC  shift 112
	'+'  shift 113
	'-'  shift 114
	'*'  shift 115
	'/'  shift 116
	'%'  shift 117
	'>'  shift 118
	'<'  shift 119
	'.'  shift 120
	'['  shift 121
	']'  shift 171
	'?'  shift 122
	.  error


state 159
	ExprList : ExprList ',' . Expr  (80)
	Receiver : .  (40)

	NULL  shift 46
	THIS  shift 47
	NEW  shift 53
	READ_INTEGER  shift 55
	READ_LINE  shift 56
	LITERAL  shift 57
	INSTANCEOF  shift 58
	INC  shift 59
	DEC  shift 60
	NUMINSTANCES  shift 61
	'-'  shift 62
	'!'  shift 63
	'('  shift 64
	IDENTIFIER  reduce 40

	LValue  goto 84
	Expr  goto 172
	Call  goto 86
	Receiver  goto 79
	Constant  goto 80


state 160
	PrintStmt : PRINT '(' ExprList ')' .  (90)

	.  reduce 90


state 161
	Expr : INSTANCEOF '(' Expr ',' . IDENTIFIER ')'  (73)

	IDENTIFIER  shift 173
	.  error


state 162
	Expr : NUMINSTANCES '(' IDENTIFIER ')' .  (75)

	.  reduce 75


state 163
	Expr : '(' CLASS IDENTIFIER ')' . Expr  (74)
	Receiver : .  (40)

	NULL  shift 46
	THIS  shift 47
	NEW  shift 53
	READ_INTEGER  shift 55
	READ_LINE  shift 56
	LITERAL  shift 57
	INSTANCEOF  shift 58
	INC  shift 59
	DEC  shift 60
	NUMINSTANCES  shift 61
	'-'  shift 62
	'!'  shift 63
	'('  shift 64
	IDENTIFIER  reduce 40

	LValue  goto 84
	Expr  goto 174
	Call  goto 86
	Receiver  goto 79
	Constant  goto 80


state 164
	LValue : Expr '[' Expr ']' .  (42)

	.  reduce 42


state 165
	Expr : Expr '?' Expr ':' . Expr  (67)
	Receiver : .  (40)

	NULL  shift 46
	THIS  shift 47
	NEW  shift 53
	READ_INTEGER  shift 55
	READ_LINE  shift 56
	LITERAL  shift 57
	INSTANCEOF  shift 58
	INC  shift 59
	DEC  shift 60
	NUMINSTANCES  shift 61
	'-'  shift 62
	'!'  shift 63
	'('  shift 64
	IDENTIFIER  reduce 40

	LValue  goto 84
	Expr  goto 175
	Call  goto 86
	Receiver  goto 79
	Constant  goto 80


state 166
	Call : Receiver IDENTIFIER '(' Actuals . ')'  (43)

	')'  shift 176
	.  error


state 167
	Actuals : ExprList .  (78)
	ExprList : ExprList . ',' Expr  (80)

	','  shift 159
	')'  reduce 78


state 168
	WhileStmt : WHILE '(' Expr ')' Stmt .  (82)

	.  reduce 82


state 169
	Receiver : Expr . '.'  (39)
	LValue : Expr . '[' Expr ']'  (42)
	Expr : Expr . '+' Expr  (47)
	Expr : Expr . '-' Expr  (48)
	Expr : Expr . '*' Expr  (49)
	Expr : Expr . '/' Expr  (50)
	Expr : Expr . '%' Expr  (51)
	Expr : Expr . EQUAL Expr  (52)
	Expr : Expr . NOT_EQUAL Expr  (53)
	Expr : Expr . '<' Expr  (54)
	Expr : Expr . '>' Expr  (55)
	Expr : Expr . LESS_EQUAL Expr  (56)
	Expr : Expr . GREATER_EQUAL Expr  (57)
	Expr : Expr . AND Expr  (58)
	Expr : Expr . OR Expr  (59)
	Expr : Expr . INC  (64)
	Expr : Expr . DEC  (66)
	Expr : Expr . '?' Expr ':' Expr  (67)
	ForStmt : FOR '(' SimpleStmt ';' Expr . ';' SimpleStmt ')' Stmt  (83)

	AND  shift 105
	OR  shift 106
	LESS_EQUAL  shift 107
	GREATER_EQUAL  shift 108
	EQUAL  shift 109
	NOT_EQUAL  shift 110
	INC  shift 111
	DEC  shift 112
	'+'  shift 113
	'-'  shift 114
	'*'  shift 115
	'/'  shift 116
	'%'  shift 117
	'>'  shift 118
	'<'  shift 119
	'.'  shift 120
	';'  shift 177
	'['  shift 121
	'?'  shift 122
	.  error


state 170
	IfStmt : IF '(' Expr ')' Stmt . ElseClause  (85)
	ElseClause : .  (87)

	ELSE  shift 178
	VOID  reduce 87
	BOOL  reduce 87
	INT  reduce 87
	STRING  reduce 87
	CLASS  reduce 87
	NULL  reduce 87
	THIS  reduce 87
	WHILE  reduce 87
	FOR  reduce 87
	IF  reduce 87
	RETURN  reduce 87
	BREAK  reduce 87
	NEW  reduce 87
	PRINT  reduce 87
	READ_INTEGER  reduce 87
	READ_LINE  reduce 87
	LITERAL  reduce 87
	IDENTIFIER  reduce 87
	INSTANCEOF  reduce 87
	INC  reduce 87
	DEC  reduce 87
	NUMINSTANCES  reduce 87
	'-'  reduce 87
	';'  reduce 87
	'!'  reduce 87
	'('  reduce 87
	'{'  reduce 87
	'}'  reduce 87

	ElseClause  goto 179


state 171
	Expr : NEW Type '[' Expr ']' .  (72)

	.  reduce 72


state 172
	Receiver : Expr . '.'  (39)
	LValue : Expr . '[' Expr ']'  (42)
	Expr : Expr . '+' Expr  (47)
	Expr : Expr . '-' Expr  (48)
	Expr : Expr . '*' Expr  (49)
	Expr : Expr . '/' Expr  (50)
	Expr : Expr . '%' Expr  (51)
	Expr : Expr . EQUAL Expr  (52)
	Expr : Expr . NOT_EQUAL Expr  (53)
	Expr : Expr . '<' Expr  (54)
	Expr : Expr . '>' Expr  (55)
	Expr : Expr . LESS_EQUAL Expr  (56)
	Expr : Expr . GREATER_EQUAL Expr  (57)
	Expr : Expr . AND Expr  (58)
	Expr : Expr . OR Expr  (59)
	Expr : Expr . INC  (64)
	Expr : Expr . DEC  (66)
	Expr : Expr . '?' Expr ':' Expr  (67)
	ExprList : ExprList ',' Expr .  (80)

	AND  shift 105
	OR  shift 106
	LESS_EQUAL  shift 107
	GREATER_EQUAL  shift 108
	EQUAL  shift 109
	NOT_EQUAL  shift 110
	INC  shift 111
	DEC  shift 112
	'+'  shift 113
	'-'  shift 114
	'*'  shift 115
	'/'  shift 116
	'%'  shift 117
	'>'  shift 118
	'<'  shift 119
	'.'  shift 120
	'['  shift 121
	'?'  shift 122
	','  reduce 80
	')'  reduce 80


state 173
	Expr : INSTANCEOF '(' Expr ',' IDENTIFIER . ')'  (73)

	')'  shift 180
	.  error


state 174
	Receiver : Expr . '.'  (39)
	LValue : Expr . '[' Expr ']'  (42)
	Expr : Expr . '+' Expr  (47)
	Expr : Expr . '-' Expr  (48)
	Expr : Expr . '*' Expr  (49)
	Expr : Expr . '/' Expr  (50)
	Expr : Expr . '%' Expr  (51)
	Expr : Expr . EQUAL Expr  (52)
	Expr : Expr . NOT_EQUAL Expr  (53)
	Expr : Expr . '<' Expr  (54)
	Expr : Expr . '>' Expr  (55)
	Expr : Expr . LESS_EQUAL Expr  (56)
	Expr : Expr . GREATER_EQUAL Expr  (57)
	Expr : Expr . AND Expr  (58)
	Expr : Expr . OR Expr  (59)
	Expr : Expr . INC  (64)
	Expr : Expr . DEC  (66)
	Expr : Expr . '?' Expr ':' Expr  (67)
	Expr : '(' CLASS IDENTIFIER ')' Expr .  (74)

	.  reduce 74


state 175
	Receiver : Expr . '.'  (39)
	LValue : Expr . '[' Expr ']'  (42)
	Expr : Expr . '+' Expr  (47)
	Expr : Expr . '-' Expr  (48)
	Expr : Expr . '*' Expr  (49)
	Expr : Expr . '/' Expr  (50)
	Expr : Expr . '%' Expr  (51)
	Expr : Expr . EQUAL Expr  (52)
	Expr : Expr . NOT_EQUAL Expr  (53)
	Expr : Expr . '<' Expr  (54)
	Expr : Expr . '>' Expr  (55)
	Expr : Expr . LESS_EQUAL Expr  (56)
	Expr : Expr . GREATER_EQUAL Expr  (57)
	Expr : Expr . AND Expr  (58)
	Expr : Expr . OR Expr  (59)
	Expr : Expr . INC  (64)
	Expr : Expr . DEC  (66)
	Expr : Expr . '?' Expr ':' Expr  (67)
	Expr : Expr '?' Expr ':' Expr .  (67)

	AND  shift 105
	OR  shift 106
	LESS_EQUAL  shift 107
	GREATER_EQUAL  shift 108
	EQUAL  shift 109
	NOT_EQUAL  shift 110
	INC  shift 111
	DEC  shift 112
	'+'  shift 113
	'-'  shift 114
	'*'  shift 115
	'/'  shift 116
	'%'  shift 117
	'>'  shift 118
	'<'  shift 119
	'.'  shift 120
	'['  shift 121
	'?'  shift 122
	','  reduce 67
	';'  reduce 67
	')'  reduce 67
	']'  reduce 67
	':'  reduce 67


state 176
	Call : Receiver IDENTIFIER '(' Actuals ')' .  (43)

	.  reduce 43


state 177
	ForStmt : FOR '(' SimpleStmt ';' Expr ';' . SimpleStmt ')' Stmt  (83)
	SimpleStmt : .  (38)
	Receiver : .  (40)

	NULL  shift 46
	THIS  shift 47
	NEW  shift 53
	READ_INTEGER  shift 55
	READ_LINE  shift 56
	LITERAL  shift 57
	INSTANCEOF  shift 58
	INC  shift 59
	DEC  shift 60
	NUMINSTANCES  shift 61
	'-'  shift 62
	'!'  shift 63
	'('  shift 64
	IDENTIFIER  reduce 40
	')'  reduce 38

	SimpleStmt  goto 181
	LValue  goto 76
	Expr  goto 77
	Call  goto 78
	Receiver  goto 79
	Constant  goto 80


state 178
	ElseClause : ELSE . Stmt  (86)
	SimpleStmt : .  (38)
	Receiver : .  (40)

	VOID  shift 12
	BOOL  shift 13
	INT  shift 14
	STRING  shift 15
	CLASS  shift 16
	NULL  shift 46
	THIS  shift 47
	WHILE  shift 48
	FOR  shift 49
	IF  shift 50
	RETURN  shift 51
	BREAK  shift 52
	NEW  shift 53
	PRINT  shift 54
	READ_INTEGER  shift 55
	READ_LINE  shift 56
	LITERAL  shift 57
	INSTANCEOF  shift 58
	INC  shift 59
	DEC  shift 60
	NUMINSTANCES  shift 61
	'-'  shift 62
	'!'  shift 63
	'('  shift 64
	'{'  shift 41
	IDENTIFIER  reduce 40
	';'  reduce 38

	VariableDef  goto 66
	Variable  goto 20
	Type  goto 33
	StmtBlock  goto 67
	Stmt  goto 182
	SimpleStmt  goto 69
	IfStmt  goto 70
	WhileStmt  goto 71
	ForStmt  goto 72
	ReturnStmt  goto 73
	PrintStmt  goto 74
	BreakStmt  goto 75
	LValue  goto 76
	Expr  goto 77
	Call  goto 78
	Receiver  goto 79
	Constant  goto 80


state 179
	IfStmt : IF '(' Expr ')' Stmt ElseClause .  (85)

	.  reduce 85


state 180
	Expr : INSTANCEOF '(' Expr ',' IDENTIFIER ')' .  (73)

	.  reduce 73


state 181
	ForStmt : FOR '(' SimpleStmt ';' Expr ';' SimpleStmt . ')' Stmt  (83)

	')'  shift 183
	.  error


state 182
	ElseClause : ELSE Stmt .  (86)

	.  reduce 86


state 183
	ForStmt : FOR '(' SimpleStmt ';' Expr ';' SimpleStmt ')' . Stmt  (83)
	SimpleStmt : .  (38)
	Receiver : .  (40)

	VOID  shift 12
	BOOL  shift 13
	INT  shift 14
	STRING  shift 15
	CLASS  shift 16
	NULL  shift 46
	THIS  shift 47
	WHILE  shift 48
	FOR  shift 49
	IF  shift 50
	RETURN  shift 51
	BREAK  shift 52
	NEW  shift 53
	PRINT  shift 54
	READ_INTEGER  shift 55
	READ_LINE  shift 56
	LITERAL  shift 57
	INSTANCEOF  shift 58
	INC  shift 59
	DEC  shift 60
	NUMINSTANCES  shift 61
	'-'  shift 62
	'!'  shift 63
	'('  shift 64
	'{'  shift 41
	IDENTIFIER  reduce 40
	';'  reduce 38

	VariableDef  goto 66
	Variable  goto 20
	Type  goto 33
	StmtBlock  goto 67
	Stmt  goto 184
	SimpleStmt  goto 69
	IfStmt  goto 70
	WhileStmt  goto 71
	ForStmt  goto 72
	ReturnStmt  goto 73
	PrintStmt  goto 74
	BreakStmt  goto 75
	LValue  goto 76
	Expr  goto 77
	Call  goto 78
	Receiver  goto 79
	Constant  goto 80


state 184
	ForStmt : FOR '(' SimpleStmt ';' Expr ';' SimpleStmt ')' Stmt .  (83)

	.  reduce 83


55 terminals, 30 nonterminals
91 grammar rules, 185 states
